make all --print-data-base --no-builtin-variables --no-builtin-rules --question
# GNU Make 4.2.1
# Built for x86_64-pc-linux-gnu
# Copyright (C) 1988-2016 Free Software Foundation, Inc.
# License GPLv3+: GNU GPL version 3 or later <http://gnu.org/licenses/gpl.html>
# This is free software: you are free to change and redistribute it.
# There is NO WARRANTY, to the extent permitted by law.

# Make data base, printed on Tue Sep  7 18:05:06 2021

# Variables

# 'override' directive
GNUMAKEFLAGS := 
# automatic
<D = $(patsubst %/,%,$(dir $<))
# automatic
?F = $(notdir $?)
# environment
DESKTOP_SESSION = ubuntu
# default
.SHELLFLAGS := -c
# environment
XDG_SESSION_CLASS = user
# makefile (from 'Makefile', line 16)
SRC = .
# environment
SNAP_COMMON = /var/snap/code/common
# environment
XDG_SESSION_TYPE = x11
# environment
VSCODE_LOG_NATIVE = false
# makefile (from 'Makefile', line 14)
TARGET = marius seq pipeline farm   
# automatic
?D = $(patsubst %/,%,$(dir $?))
# environment
IM_CONFIG_PHASE = 1
# makefile (from 'Makefile', line 13)
INCLUDES = -I. $(INCS) 
# automatic
@D = $(patsubst %/,%,$(dir $@))
# environment
XAUTHORITY = /run/user/1000/gdm/Xauthority
# environment
GDMSESSION = ubuntu
# environment
XMODIFIERS = @im=ibus
# makefile
CURDIR := /home/andre/Documents/PUCRS/Fund_Paralelo/filosofosJantando
# makefile
SHELL = /bin/sh
# environment
SNAP_DATA = /var/snap/code/65
# environment
VSCODE_NLS_CONFIG = {"locale":"en-us","availableLanguages":{},"_languagePackSupport":true}
# environment
JOURNAL_STREAM = 8:58522
# makefile (from 'Makefile', line 9)
CFLAGS = $(DIS) 
# environment
XDG_CONFIG_DIRS = /etc/xdg/xdg-ubuntu:/etc/xdg
# environment
SNAP_INSTANCE_NAME = code
# environment
SNAP_ARCH = amd64
# makefile (from 'Makefile', line 1)
MAKEFILE_LIST :=  Makefile
# automatic
@F = $(notdir $@)
# environment
GIO_LAUNCHED_DESKTOP_FILE = /var/lib/snapd/desktop/applications/code_code.desktop
# environment
USERNAME = andre
# makefile (from 'Makefile', line 15)
SOURCES = marius_version.cpp sequential_diner.cpp pipeline_diner.cpp farm_diner.cpp  
# makefile (from 'Makefile', line 8)
CXXFLAGS = -Wall -std=c++1y -pthread -DNODBG -DNO_CMAKE_CONFIG 
# environment
MAKELEVEL := 0
# environment
MANDATORY_PATH = /usr/share/gconf/ubuntu.mandatory.path
# environment
XDG_DATA_DIRS = /usr/share/ubuntu:/usr/local/share/:/usr/share/:/var/lib/snapd/desktop
# environment
DBUS_SESSION_BUS_ADDRESS = unix:path=/run/user/1000/bus
# makefile (from 'Makefile', line 6)
VERSION = 
# environment
VSCODE_VERBOSE_LOGGING = true
# environment
_ = /snap/code/65/usr/share/code/code
# environment
LC_CTYPE = pt_BR.UTF-8
# environment
MANAGERPID = 1251
# makefile (from 'Makefile', line 11)
INCS = -I build/libraries/ 	
# environment
LESSOPEN = | /usr/bin/lesspipe %s
# environment
LC_NAME = pt_BR.UTF-8
# environment
VSCODE_CWD = /home/andre
# environment
GSETTINGS_SCHEMA_DIR = /snap/code/65/usr/share/glib-2.0/schemas
# default
MAKE_HOST := x86_64-pc-linux-gnu
# environment
PATH = /usr/local/sbin:/usr/local/bin:/usr/sbin:/usr/bin:/sbin:/bin:/usr/games:/usr/local/games:/snap/bin
# environment
GPG_AGENT_INFO = /run/user/1000/gnupg/S.gpg-agent:0:1
# environment
SESSION_MANAGER = local/andre-X570-UD:@/tmp/.ICE-unix/1693,unix/andre-X570-UD:/tmp/.ICE-unix/1693
# environment
XDG_RUNTIME_DIR = /run/user/1000
# environment
GDK_PIXBUF_MODULE_FILE = /home/andre/snap/code/common/.cache/gdk-pixbuf-loaders.cache
# environment
SNAP = /snap/code/65
# environment
SNAP_VERSION = 054a9295
# environment
XDG_MENU_PREFIX = gnome-
# environment
VSCODE_LOG_STACK = false
# environment
DISABLE_WAYLAND = 1
# environment
VSCODE_CRASH_REPORTER_START_OPTIONS = {"companyName":"Microsoft","productName":"VSCode","submitURL":"appcenter://code?aid=fba07a4d-84bd-4fc8-a125-9640fc8ce171&uid=ec3bb57d-38cb-4c90-8b17-133502219733&iid=ec3bb57d-38cb-4c90-8b17-133502219733&sid=ec3bb57d-38cb-4c90-8b17-133502219733","uploadToServer":true}
# environment
INVOCATION_ID = b78dbf8ebf58448bb3716a228b76751a
# makefile (from 'Makefile', line 10)
LDFLAGS = $(DIS) -L. -pthread 
# environment
GDK_PIXBUF_MODULEDIR = /snap/code/65/usr/lib/x86_64-linux-gnu/gdk-pixbuf-2.0/2.10.0/loaders
# default
.FEATURES := target-specific order-only second-expansion else-if shortest-stem undefine oneshell archives jobserver output-sync check-symlink load
# makefile (from 'Makefile', line 1)
DIR := /home/andre/Documents/PUCRS/Fund_Paralelo/filosofosJantando 
# environment
LS_COLORS = 
# environment
XDG_SESSION_DESKTOP = ubuntu
# environment
SSH_AUTH_SOCK = /run/user/1000/keyring/ssh
# environment
GIO_LAUNCHED_DESKTOP_FILE_PID = 34957
# automatic
%F = $(notdir $%)
# environment
DISPLAY = :0
# makefile (from 'Makefile', line 5)
LINK_OPT = 
# environment
VSCODE_PIPE_LOGGING = true
# environment
SNAP_INSTANCE_KEY = 
# environment
PWD = /home/andre/Documents/PUCRS/Fund_Paralelo/filosofosJantando
# default
.LOADED := 
# environment
SSH_AGENT_PID = 1659
# environment
ORIGINAL_XDG_CURRENT_DESKTOP = ubuntu:GNOME
# environment
GTK_MODULES = gail:atk-bridge
# environment
VSCODE_AMD_ENTRYPOINT = vs/workbench/services/extensions/node/extensionHostProcess
# environment
HOME = /home/andre
# makefile (from 'Makefile', line 7)
OPTIMIZE_FLAGS = -O3 -finline-functions
# environment
LESSCLOSE = /usr/bin/lesspipe %s %s
# environment
VSCODE_CLI = 1
# environment
LOGNAME = andre
# environment
APPLICATION_INSIGHTS_NO_DIAGNOSTIC_CHANNEL = true
# environment
SNAP_LIBRARY_PATH = /var/lib/snapd/lib/gl:/var/lib/snapd/lib/gl32:/var/lib/snapd/void
# environment
SNAP_CONTEXT = REwEiOmRWN5MX-mVpOKPnEK0VPZKAVba7ysnwEULUk9SdPMjw2rN
# automatic
+F = $(notdir $+)
# environment
ELECTRON_NO_ATTACH_CONSOLE = 1
# environment
SNAP_USER_COMMON = /home/andre/snap/code/common
# environment
VSCODE_HANDLES_UNCAUGHT_ERRORS = true
# environment
GNOME_DESKTOP_SESSION_ID = this-is-deprecated
# automatic
^D = $(patsubst %/,%,$(dir $^))
# environment
LC_TIME = pt_BR.UTF-8
# environment
SNAP_REAL_HOME = /home/andre
# default
MAKE = $(MAKE_COMMAND)
# default
MAKECMDGOALS := all
# environment
QT_IM_MODULE = ibus
# environment
SNAP_USER_DATA = /home/andre/snap/code/65
# environment
SHLVL = 0
# makefile (from 'Makefile', line 3)
CC = gcc 
# environment
GNOME_SHELL_SESSION_MODE = ubuntu
# environment
VSCODE_IPC_HOOK_EXTHOST = /run/user/1000/vscode-ipc-0617ce9d-6595-4e94-88ed-32663b9b52e8.sock
# default
MAKE_VERSION := 4.2.1
# environment
USER = andre
# environment
SNAP_REVISION = 65
# environment
LC_MONETARY = pt_BR.UTF-8
# makefile
.DEFAULT_GOAL := all
# environment
XDG_CURRENT_DESKTOP = Unity
# environment
LIBVIRT_DEFAULT_URI = qemu:///system
# automatic
%D = $(patsubst %/,%,$(dir $%))
# environment
LC_TELEPHONE = pt_BR.UTF-8
# default
MAKE_COMMAND := make
# environment
VSCODE_NODE_CACHED_DATA_DIR = /home/andre/.config/Code/CachedData/054a9295330880ed74ceaedda236253b4f39a335
# default
.VARIABLES := 
# automatic
*F = $(notdir $*)
# environment
VSCODE_IPC_HOOK = /run/user/1000/vscode-b682eb8a-1.56.2-main.sock
# environment
BAMF_DESKTOP_FILE_HINT = /var/lib/snapd/desktop/applications/code_code.desktop
# makefile
MAKEFLAGS = pqrR
# environment
MFLAGS = -pqrR
# automatic
*D = $(patsubst %/,%,$(dir $*))
# environment
BREAKPAD_DUMP_LOCATION = /home/andre/.config/Code/exthost Crash Reports
# automatic
+D = $(patsubst %/,%,$(dir $+))
# environment
GDK_BACKEND = x11
# environment
LC_PAPER = pt_BR.UTF-8
# environment
LC_IDENTIFICATION = pt_BR.UTF-8
# environment
QT_ACCESSIBILITY = 1
# environment
DEFAULTS_PATH = /usr/share/gconf/ubuntu.default.path
# default
MAKEFILES := 
# environment
SNAP_COOKIE = REwEiOmRWN5MX-mVpOKPnEK0VPZKAVba7ysnwEULUk9SdPMjw2rN
# environment
LC_NUMERIC = pt_BR.UTF-8
# automatic
<F = $(notdir $<)
# environment
ELECTRON_RUN_AS_NODE = 1
# makefile (from 'Makefile', line 4)
CXX = g++ 
# environment
LC_MEASUREMENT = pt_BR.UTF-8
# environment
SNAP_NAME = code
# environment
LC_ALL = C
# environment
GJS_DEBUG_TOPICS = JS ERROR;JS LOG
 
# makefile (from 'Makefile', line 12)
LIBS = -lm -lpthread 
# automatic
^F = $(notdir $^)
# default
SUFFIXES := 
# environment
SNAP_REEXEC = 
# makefile (from 'Makefile', line 17)
INC = .
# environment
CHROME_DESKTOP = code-url-handler.desktop
# environment
WINDOWPATH = 2
# default
.INCLUDE_DIRS = /usr/include /usr/local/include /usr/include
# environment
GJS_DEBUG_OUTPUT = stderr
# default
.RECIPEPREFIX := 
# environment
LC_ADDRESS = pt_BR.UTF-8
# environment
LANG = C
# environment
VSCODE_PID = 35001
# variable set hash-table stats:
# Load=151/1024=15%, Rehash=0, Collisions=28/201=14%

# Pattern-specific Variable Values

# No pattern-specific variable values.

# Directories

# . (device 2054, inode 1326075): 9 files, no impossibilities.

# 9 files, no impossibilities in 1 directories.

# Implicit Rules

# No implicit rules.

# Files

all: marius seq pipeline farm
#  Phony target (prerequisite of .PHONY).
#  Command line target.
#  Implicit rule search has not been done.
#  File does not exist.
#  File has been updated.
#  Needs to be updated (-q is set).
# variable set hash-table stats:
# Load=0/32=0%, Rehash=0, Collisions=0/23=0%

.PHONY: all clean cleanall
#  Implicit rule search has not been done.
#  Modification time never checked.
#  File has not been updated.

pipeline:
#  Implicit rule search has not been done.
#  Modification time never checked.
#  File has not been updated.
#  recipe to execute (from 'Makefile', line 32):
	$(CXX)  $(CXXFLAGS) $(OPTIMIZE_FLAGS)  $(CFLAGS) $(INCLUDES) $(LDFLAGS) -c -o pipeline.o pipeline_diner.cpp $(LIBS) -lpthread
	$(CXX)  $(CXXFLAGS) $(OPTIMIZE_FLAGS)  $(CFLAGS) $(INCLUDES) $(LDFLAGS) -o pipeline pipeline.o $(LIBS) -lpthread

# Not a target:
.SUFFIXES:
#  Implicit rule search has not been done.
#  Modification time never checked.
#  File has not been updated.

# Not a target:
Makefile:
#  Implicit rule search has been done.
#  Last modified 2021-09-07 17:54:37.538121258
#  File has been updated.
#  Successfully updated.

depend:
#  Implicit rule search has not been done.
#  Modification time never checked.
#  File has not been updated.
#  recipe to execute (from 'Makefile', line 46):
	makedepend $(SOURCES)

# Not a target:
.DEFAULT:
#  Implicit rule search has not been done.
#  Modification time never checked.
#  File has not been updated.

clean:
#  Phony target (prerequisite of .PHONY).
#  Implicit rule search has not been done.
#  File does not exist.
#  File has not been updated.
#  recipe to execute (from 'Makefile', line 40):
	rm -f *.o

farm:
#  Implicit rule search has not been done.
#  Modification time never checked.
#  File has not been updated.
#  recipe to execute (from 'Makefile', line 36):
	$(CXX)  $(CXXFLAGS) $(OPTIMIZE_FLAGS)  $(CFLAGS) $(INCLUDES) $(LDFLAGS) -c -o farm.o farm_diner.cpp $(LIBS) -lpthread
	$(CXX)  $(CXXFLAGS) $(OPTIMIZE_FLAGS)  $(CFLAGS) $(INCLUDES) $(LDFLAGS) -o farm farm.o $(LIBS) -lpthread

cleanall: clean
#  Phony target (prerequisite of .PHONY).
#  Implicit rule search has not been done.
#  File does not exist.
#  File has not been updated.
#  recipe to execute (from 'Makefile', line 43):
	rm -fr $(TARGET) *~ *.dSYM

# Not a target:
sequential_diner.cpp:
#  Implicit rule search has not been done.
#  Modification time never checked.
#  File has not been updated.

marius:
#  Implicit rule search has not been done.
#  Implicit/static pattern stem: ''
#  File does not exist.
#  File has been updated.
#  Needs to be updated (-q is set).
# automatic
# @ := marius
# automatic
# % := 
# automatic
# * := 
# automatic
# + := 
# automatic
# | := 
# automatic
# < := 
# automatic
# ^ := 
# automatic
# ? := 
# variable set hash-table stats:
# Load=8/32=25%, Rehash=0, Collisions=1/31=3%
#  recipe to execute (from 'Makefile', line 24):
	$(CXX)  $(CXXFLAGS) $(OPTIMIZE_FLAGS)  $(CFLAGS) $(INCLUDES) $(LDFLAGS) -c -o marius.o marius_version.cpp $(LIBS) -lpthread
	$(CXX)  $(CXXFLAGS) $(OPTIMIZE_FLAGS)  $(CFLAGS) $(INCLUDES) $(LDFLAGS) -o marius marius.o $(LIBS) -lpthread

seq: sequential_diner.cpp
#  Implicit rule search has not been done.
#  Modification time never checked.
#  File has not been updated.
#  recipe to execute (from 'Makefile', line 28):
	$(CXX)  $(CXXFLAGS) $(OPTIMIZE_FLAGS)  $(CFLAGS) $(INCLUDES) $(LDFLAGS) -c -o seq.o sequential_diner.cpp $(LIBS)
	$(CXX)  $(CXXFLAGS) $(OPTIMIZE_FLAGS)  $(CFLAGS) $(INCLUDES) $(LDFLAGS)  -o seq seq.o $(LIBS)

# files hash-table stats:
# Load=13/1024=1%, Rehash=0, Collisions=0/40=0%
# VPATH Search Paths

# No 'vpath' search paths.

# No general ('VPATH' variable) search path.

# strcache buffers: 1 (0) / strings = 22 / storage = 210 B / avg = 9 B
# current buf: size = 8162 B / used = 210 B / count = 22 / avg = 9 B

# strcache performance: lookups = 46 / hit rate = 52%
# hash-table stats:
# Load=22/8192=0%, Rehash=0, Collisions=1/46=2%
# Finished Make data base on Tue Sep  7 18:05:06 2021

 
